-------------------------------------------------------------------------------
Test set: com.gildedrose.GildedRoseTest
-------------------------------------------------------------------------------
Tests run: 14, Failures: 1, Errors: 0, Skipped: 0, Time elapsed: 0.316 s <<< FAILURE! - in com.gildedrose.GildedRoseTest
com.gildedrose.GildedRoseTest.conjuredQualityTest  Time elapsed: 0.011 s  <<< FAILURE!
org.opentest4j.AssertionFailedError: expected: <48> but was: <49>
	at com.gildedrose.GildedRoseTest.conjuredQualityTest(GildedRoseTest.java:117)

